<?xml version="1.0" encoding="UTF-8"?>
<!-- Generated by org.testng.reporters.JUnitXMLReporter -->
<testsuite ignored="0" hostname="DESKTOP-GGTN9VI" failures="0" tests="7" name="Test" time="232.479" errors="0" timestamp="2024-02-16T11:36:30 IST">
  <testcase classname="homepage.HomePage" name="VerifyIfPasswordAndUserNameKeepBlankThenPleaseEnterUsernameAndPasswordMassageShouldDisplayInPropertyManagerLoginUnderSignIn" time="7.029"/>
  <testcase classname="homepage.HomePage" name="VerifyIfPasswordEnterAndUserNameKeepBlankThenPleaseEnterUsernameAndPasswordMassageShouldDisplayInPropertyManagerLoginUnderSignIn" time="7.184"/>
  <testcase classname="homepage.HomePage" name="VerifyIfUsernameEnterAndPasswordKeepBlankThenPleaseEnterUsernameAndPasswordMassageShouldDisplayInPropertyManagerLoginUnderSignIn" time="7.494"/>
  <testcase classname="homepage.HomePage" name="verifyPropertyMangerButtonShouldVisibleAfterClickingOnSigningButton" time="6.017"/>
  <testcase classname="homepage.HomePage" name="verifyUsernameAndPasswordAreNotValidShouldDisplayAfterEnteringWrongDetailsInPropertyManagerLoginUnderSignIn" time="7.852"/>
  <testcase classname="homepage.HomePage" name="verifyViewAppButtonGetsDisplayedAfterClickingResidentLoginButtonUnderSignIn" time="29.304"/>
  <testcase classname="homepage.HomePage" name="verifyViewWebsiteButtonGetsDisplayedAfterClickingResidentLoginButtonUnderSignIn" time="33.904"/>
</testsuite> <!-- Test -->
